#! /c/Source/iverilog-install/bin/vvp
:ivl_version "12.0 (devel)" "(s20150603-1539-g2693dd32b)";
:ivl_delay_selection "TYPICAL";
:vpi_time_precision + 0;
:vpi_module "C:\iverilog\lib\ivl\system.vpi";
:vpi_module "C:\iverilog\lib\ivl\vhdl_sys.vpi";
:vpi_module "C:\iverilog\lib\ivl\vhdl_textio.vpi";
:vpi_module "C:\iverilog\lib\ivl\v2005_math.vpi";
:vpi_module "C:\iverilog\lib\ivl\va_math.vpi";
S_0000019da1d1ada0 .scope module, "tb_vending_mealy" "tb_vending_mealy" 2 1;
 .timescale 0 0;
v0000019da1c57b50_0 .net "chg5", 0 0, v0000019da1d18ba0_0;  1 drivers
v0000019da1c48210_0 .var "clk", 0 0;
v0000019da1c482b0_0 .var "coin", 1 0;
v0000019da1c53960_0 .net "dispense", 0 0, v0000019da1c57970_0;  1 drivers
v0000019da1c53a00_0 .var "rst", 0 0;
S_0000019da1c577e0 .scope module, "dut" "vending_mealy" 2 6, 3 1 0, S_0000019da1d1ada0;
 .timescale 0 0;
    .port_info 0 /INPUT 1 "clk";
    .port_info 1 /INPUT 1 "rst";
    .port_info 2 /INPUT 2 "coin";
    .port_info 3 /OUTPUT 1 "dispense";
    .port_info 4 /OUTPUT 1 "chg5";
v0000019da1d18ba0_0 .var "chg5", 0 0;
v0000019da1c228d0_0 .net "clk", 0 0, v0000019da1c48210_0;  1 drivers
v0000019da1d1af30_0 .net "coin", 1 0, v0000019da1c482b0_0;  1 drivers
v0000019da1c57970_0 .var "dispense", 0 0;
v0000019da1c57a10_0 .net "rst", 0 0, v0000019da1c53a00_0;  1 drivers
v0000019da1c57ab0_0 .var "state", 1 0;
E_0000019da1c45ea0 .event anyedge, v0000019da1c57ab0_0, v0000019da1d1af30_0;
E_0000019da1c45d60 .event posedge, v0000019da1c228d0_0;
S_0000019da1c47ef0 .scope task, "put10" "put10" 2 19, 2 19 0, S_0000019da1d1ada0;
 .timescale 0 0;
TD_tb_vending_mealy.put10 ;
    %wait E_0000019da1c45d60;
    %pushi/vec4 2, 0, 2;
    %store/vec4 v0000019da1c482b0_0, 0, 2;
    %wait E_0000019da1c45d60;
    %pushi/vec4 0, 0, 2;
    %store/vec4 v0000019da1c482b0_0, 0, 2;
    %end;
S_0000019da1c48080 .scope task, "put5" "put5" 2 12, 2 12 0, S_0000019da1d1ada0;
 .timescale 0 0;
TD_tb_vending_mealy.put5 ;
    %wait E_0000019da1c45d60;
    %pushi/vec4 1, 0, 2;
    %store/vec4 v0000019da1c482b0_0, 0, 2;
    %wait E_0000019da1c45d60;
    %pushi/vec4 0, 0, 2;
    %store/vec4 v0000019da1c482b0_0, 0, 2;
    %end;
    .scope S_0000019da1c577e0;
T_2 ;
    %wait E_0000019da1c45d60;
    %load/vec4 v0000019da1c57a10_0;
    %flag_set/vec4 8;
    %jmp/0xz  T_2.0, 8;
    %pushi/vec4 0, 0, 2;
    %assign/vec4 v0000019da1c57ab0_0, 0;
    %jmp T_2.1;
T_2.0 ;
    %load/vec4 v0000019da1c57ab0_0;
    %dup/vec4;
    %pushi/vec4 0, 0, 2;
    %cmp/u;
    %jmp/1 T_2.2, 6;
    %dup/vec4;
    %pushi/vec4 1, 0, 2;
    %cmp/u;
    %jmp/1 T_2.3, 6;
    %dup/vec4;
    %pushi/vec4 2, 0, 2;
    %cmp/u;
    %jmp/1 T_2.4, 6;
    %dup/vec4;
    %pushi/vec4 3, 0, 2;
    %cmp/u;
    %jmp/1 T_2.5, 6;
    %jmp T_2.6;
T_2.2 ;
    %load/vec4 v0000019da1d1af30_0;
    %cmpi/e 1, 0, 2;
    %jmp/0xz  T_2.7, 4;
    %pushi/vec4 1, 0, 2;
    %assign/vec4 v0000019da1c57ab0_0, 0;
    %jmp T_2.8;
T_2.7 ;
    %load/vec4 v0000019da1d1af30_0;
    %cmpi/e 2, 0, 2;
    %jmp/0xz  T_2.9, 4;
    %pushi/vec4 2, 0, 2;
    %assign/vec4 v0000019da1c57ab0_0, 0;
T_2.9 ;
T_2.8 ;
    %jmp T_2.6;
T_2.3 ;
    %load/vec4 v0000019da1d1af30_0;
    %cmpi/e 1, 0, 2;
    %jmp/0xz  T_2.11, 4;
    %pushi/vec4 2, 0, 2;
    %assign/vec4 v0000019da1c57ab0_0, 0;
    %jmp T_2.12;
T_2.11 ;
    %load/vec4 v0000019da1d1af30_0;
    %cmpi/e 2, 0, 2;
    %jmp/0xz  T_2.13, 4;
    %pushi/vec4 3, 0, 2;
    %assign/vec4 v0000019da1c57ab0_0, 0;
T_2.13 ;
T_2.12 ;
    %jmp T_2.6;
T_2.4 ;
    %load/vec4 v0000019da1d1af30_0;
    %cmpi/e 1, 0, 2;
    %jmp/0xz  T_2.15, 4;
    %pushi/vec4 3, 0, 2;
    %assign/vec4 v0000019da1c57ab0_0, 0;
    %jmp T_2.16;
T_2.15 ;
    %load/vec4 v0000019da1d1af30_0;
    %cmpi/e 2, 0, 2;
    %jmp/0xz  T_2.17, 4;
    %pushi/vec4 0, 0, 2;
    %assign/vec4 v0000019da1c57ab0_0, 0;
T_2.17 ;
T_2.16 ;
    %jmp T_2.6;
T_2.5 ;
    %load/vec4 v0000019da1d1af30_0;
    %cmpi/e 1, 0, 2;
    %jmp/0xz  T_2.19, 4;
    %pushi/vec4 0, 0, 2;
    %assign/vec4 v0000019da1c57ab0_0, 0;
    %jmp T_2.20;
T_2.19 ;
    %load/vec4 v0000019da1d1af30_0;
    %cmpi/e 2, 0, 2;
    %jmp/0xz  T_2.21, 4;
    %pushi/vec4 0, 0, 2;
    %assign/vec4 v0000019da1c57ab0_0, 0;
T_2.21 ;
T_2.20 ;
    %jmp T_2.6;
T_2.6 ;
    %pop/vec4 1;
T_2.1 ;
    %jmp T_2;
    .thread T_2;
    .scope S_0000019da1c577e0;
T_3 ;
    %wait E_0000019da1c45ea0;
    %pushi/vec4 0, 0, 1;
    %store/vec4 v0000019da1c57970_0, 0, 1;
    %pushi/vec4 0, 0, 1;
    %store/vec4 v0000019da1d18ba0_0, 0, 1;
    %load/vec4 v0000019da1c57ab0_0;
    %dup/vec4;
    %pushi/vec4 2, 0, 2;
    %cmp/u;
    %jmp/1 T_3.0, 6;
    %dup/vec4;
    %pushi/vec4 3, 0, 2;
    %cmp/u;
    %jmp/1 T_3.1, 6;
    %jmp T_3.2;
T_3.0 ;
    %load/vec4 v0000019da1d1af30_0;
    %cmpi/e 2, 0, 2;
    %jmp/0xz  T_3.3, 4;
    %pushi/vec4 1, 0, 1;
    %store/vec4 v0000019da1c57970_0, 0, 1;
T_3.3 ;
    %jmp T_3.2;
T_3.1 ;
    %load/vec4 v0000019da1d1af30_0;
    %cmpi/e 1, 0, 2;
    %jmp/0xz  T_3.5, 4;
    %pushi/vec4 1, 0, 1;
    %store/vec4 v0000019da1c57970_0, 0, 1;
    %jmp T_3.6;
T_3.5 ;
    %load/vec4 v0000019da1d1af30_0;
    %cmpi/e 2, 0, 2;
    %jmp/0xz  T_3.7, 4;
    %pushi/vec4 1, 0, 1;
    %store/vec4 v0000019da1c57970_0, 0, 1;
    %pushi/vec4 1, 0, 1;
    %store/vec4 v0000019da1d18ba0_0, 0, 1;
T_3.7 ;
T_3.6 ;
    %jmp T_3.2;
T_3.2 ;
    %pop/vec4 1;
    %jmp T_3;
    .thread T_3, $push;
    .scope S_0000019da1d1ada0;
T_4 ;
    %delay 5, 0;
    %load/vec4 v0000019da1c48210_0;
    %inv;
    %store/vec4 v0000019da1c48210_0, 0, 1;
    %jmp T_4;
    .thread T_4;
    .scope S_0000019da1d1ada0;
T_5 ;
    %vpi_call 2 28 "$dumpfile", "vending.vcd" {0 0 0};
    %vpi_call 2 29 "$dumpvars", 32'sb00000000000000000000000000000000, S_0000019da1d1ada0 {0 0 0};
    %pushi/vec4 0, 0, 1;
    %store/vec4 v0000019da1c48210_0, 0, 1;
    %pushi/vec4 1, 0, 1;
    %store/vec4 v0000019da1c53a00_0, 0, 1;
    %pushi/vec4 0, 0, 2;
    %store/vec4 v0000019da1c482b0_0, 0, 2;
    %delay 10, 0;
    %pushi/vec4 0, 0, 1;
    %store/vec4 v0000019da1c53a00_0, 0, 1;
    %fork TD_tb_vending_mealy.put10, S_0000019da1c47ef0;
    %join;
    %fork TD_tb_vending_mealy.put10, S_0000019da1c47ef0;
    %join;
    %delay 10, 0;
    %pushi/vec4 1, 0, 1;
    %store/vec4 v0000019da1c53a00_0, 0, 1;
    %delay 10, 0;
    %pushi/vec4 0, 0, 1;
    %store/vec4 v0000019da1c53a00_0, 0, 1;
    %fork TD_tb_vending_mealy.put5, S_0000019da1c48080;
    %join;
    %fork TD_tb_vending_mealy.put10, S_0000019da1c47ef0;
    %join;
    %fork TD_tb_vending_mealy.put10, S_0000019da1c47ef0;
    %join;
    %delay 10, 0;
    %vpi_call 2 45 "$finish" {0 0 0};
    %end;
    .thread T_5;
    .scope S_0000019da1d1ada0;
T_6 ;
    %vpi_call 2 48 "$monitor", "t=%0t state=%0d coin=%0d disp=%b chg=%b", $time, v0000019da1c57ab0_0, v0000019da1c482b0_0, v0000019da1c53960_0, v0000019da1c57b50_0 {0 0 0};
    %end;
    .thread T_6;
# The file index is used to find the file name in the following table.
:file_names 4;
    "N/A";
    "<interactive>";
    "tb_vending_mealy.v";
    "vending_mealy.v";
