#! /c/Source/iverilog-install/bin/vvp
:ivl_version "12.0 (devel)" "(s20150603-1539-g2693dd32b)";
:ivl_delay_selection "TYPICAL";
:vpi_time_precision + 0;
:vpi_module "C:\iverilog\lib\ivl\system.vpi";
:vpi_module "C:\iverilog\lib\ivl\vhdl_sys.vpi";
:vpi_module "C:\iverilog\lib\ivl\vhdl_textio.vpi";
:vpi_module "C:\iverilog\lib\ivl\v2005_math.vpi";
:vpi_module "C:\iverilog\lib\ivl\va_math.vpi";
S_00000236c581ae50 .scope module, "seq_detect_mealy_tb" "seq_detect_mealy_tb" 2 1;
 .timescale 0 0;
v00000236c56c4110_0 .var "clk", 0 0;
v00000236c56c41b0_0 .var "din", 0 0;
v00000236c56c4250_0 .var "rst", 0 0;
v00000236c56c42f0_0 .net "y", 0 0, L_00000236c56ca150;  1 drivers
S_00000236c581a370 .scope module, "duc" "seq_detect_mealy" 2 5, 3 1 0, S_00000236c581ae50;
 .timescale 0 0;
    .port_info 0 /INPUT 1 "clk";
    .port_info 1 /INPUT 1 "rst";
    .port_info 2 /INPUT 1 "din";
    .port_info 3 /OUTPUT 1 "y";
P_00000236c581db50 .param/l "S0" 0 3 8, C4<00>;
P_00000236c581db88 .param/l "S1" 0 3 9, C4<01>;
P_00000236c581dbc0 .param/l "S2" 0 3 10, C4<10>;
P_00000236c581dbf8 .param/l "S3" 0 3 11, C4<11>;
L_00000236c56ca150 .functor AND 1, v00000236c56c41b0_0, L_00000236c575a510, C4<1>, C4<1>;
L_00000236c5711838 .functor BUFT 1, C4<11>, C4<0>, C4<0>, C4<0>;
v00000236c581a500_0 .net/2u *"_ivl_0", 1 0, L_00000236c5711838;  1 drivers
v00000236c5692ef0_0 .net *"_ivl_2", 0 0, L_00000236c575a510;  1 drivers
v00000236c581dc40_0 .net "clk", 0 0, v00000236c56c4110_0;  1 drivers
v00000236c581dce0_0 .net "din", 0 0, v00000236c56c41b0_0;  1 drivers
v00000236c581dd80_0 .var "next_state", 1 0;
v00000236c581de20_0 .var "present_state", 1 0;
v00000236c581dec0_0 .net "rst", 0 0, v00000236c56c4250_0;  1 drivers
v00000236c56c4070_0 .net "y", 0 0, L_00000236c56ca150;  alias, 1 drivers
E_00000236c56b50d0 .event anyedge, v00000236c581de20_0, v00000236c581dce0_0;
E_00000236c56b5c10 .event posedge, v00000236c581dec0_0, v00000236c581dc40_0;
L_00000236c575a510 .cmp/eq 2, v00000236c581de20_0, L_00000236c5711838;
    .scope S_00000236c581a370;
T_0 ;
    %wait E_00000236c56b5c10;
    %load/vec4 v00000236c581dec0_0;
    %flag_set/vec4 8;
    %jmp/0xz  T_0.0, 8;
    %pushi/vec4 0, 0, 2;
    %assign/vec4 v00000236c581de20_0, 0;
    %jmp T_0.1;
T_0.0 ;
    %load/vec4 v00000236c581dd80_0;
    %assign/vec4 v00000236c581de20_0, 0;
T_0.1 ;
    %jmp T_0;
    .thread T_0;
    .scope S_00000236c581a370;
T_1 ;
    %wait E_00000236c56b50d0;
    %load/vec4 v00000236c581de20_0;
    %dup/vec4;
    %pushi/vec4 0, 0, 2;
    %cmp/u;
    %jmp/1 T_1.0, 6;
    %dup/vec4;
    %pushi/vec4 1, 0, 2;
    %cmp/u;
    %jmp/1 T_1.1, 6;
    %dup/vec4;
    %pushi/vec4 2, 0, 2;
    %cmp/u;
    %jmp/1 T_1.2, 6;
    %dup/vec4;
    %pushi/vec4 3, 0, 2;
    %cmp/u;
    %jmp/1 T_1.3, 6;
    %pushi/vec4 0, 0, 2;
    %store/vec4 v00000236c581dd80_0, 0, 2;
    %jmp T_1.5;
T_1.0 ;
    %load/vec4 v00000236c581dce0_0;
    %flag_set/vec4 8;
    %jmp/0xz  T_1.6, 8;
    %pushi/vec4 1, 0, 2;
    %store/vec4 v00000236c581dd80_0, 0, 2;
    %jmp T_1.7;
T_1.6 ;
    %pushi/vec4 0, 0, 2;
    %store/vec4 v00000236c581dd80_0, 0, 2;
T_1.7 ;
    %jmp T_1.5;
T_1.1 ;
    %load/vec4 v00000236c581dce0_0;
    %flag_set/vec4 8;
    %jmp/0xz  T_1.8, 8;
    %pushi/vec4 2, 0, 2;
    %store/vec4 v00000236c581dd80_0, 0, 2;
    %jmp T_1.9;
T_1.8 ;
    %pushi/vec4 0, 0, 2;
    %store/vec4 v00000236c581dd80_0, 0, 2;
T_1.9 ;
    %jmp T_1.5;
T_1.2 ;
    %load/vec4 v00000236c581dce0_0;
    %flag_set/vec4 8;
    %jmp/0xz  T_1.10, 8;
    %pushi/vec4 2, 0, 2;
    %store/vec4 v00000236c581dd80_0, 0, 2;
    %jmp T_1.11;
T_1.10 ;
    %pushi/vec4 3, 0, 2;
    %store/vec4 v00000236c581dd80_0, 0, 2;
T_1.11 ;
    %jmp T_1.5;
T_1.3 ;
    %load/vec4 v00000236c581dce0_0;
    %flag_set/vec4 8;
    %jmp/0xz  T_1.12, 8;
    %pushi/vec4 1, 0, 2;
    %store/vec4 v00000236c581dd80_0, 0, 2;
    %jmp T_1.13;
T_1.12 ;
    %pushi/vec4 0, 0, 2;
    %store/vec4 v00000236c581dd80_0, 0, 2;
T_1.13 ;
    %jmp T_1.5;
T_1.5 ;
    %pop/vec4 1;
    %jmp T_1;
    .thread T_1, $push;
    .scope S_00000236c581ae50;
T_2 ;
    %pushi/vec4 0, 0, 1;
    %store/vec4 v00000236c56c4110_0, 0, 1;
    %pushi/vec4 1, 0, 1;
    %store/vec4 v00000236c56c4250_0, 0, 1;
    %end;
    .thread T_2;
    .scope S_00000236c581ae50;
T_3 ;
    %vpi_call 2 8 "$dumpfile", "seq_detect_mealy_tb" {0 0 0};
    %vpi_call 2 9 "$dumpvars", 32'sb00000000000000000000000000000000, S_00000236c581ae50 {0 0 0};
    %delay 5, 0;
    %pushi/vec4 0, 0, 1;
    %store/vec4 v00000236c56c4250_0, 0, 1;
    %vpi_call 2 11 "$display", "Checking String" {0 0 0};
    %pushi/vec4 20, 0, 32;
T_3.0 %dup/vec4;
    %pushi/vec4 0, 0, 32;
    %cmp/s;
    %jmp/1xz T_3.1, 5;
    %jmp/1 T_3.1, 4;
    %pushi/vec4 1, 0, 32;
    %sub;
    %delay 5, 0;
    %load/vec4 v00000236c56c4110_0;
    %inv;
    %store/vec4 v00000236c56c4110_0, 0, 1;
    %jmp T_3.0;
T_3.1 ;
    %pop/vec4 1;
    %pushi/vec4 0, 0, 1;
    %store/vec4 v00000236c56c41b0_0, 0, 1;
    %delay 10, 0;
    %pushi/vec4 1, 0, 1;
    %store/vec4 v00000236c56c41b0_0, 0, 1;
    %delay 10, 0;
    %pushi/vec4 1, 0, 1;
    %store/vec4 v00000236c56c41b0_0, 0, 1;
    %delay 10, 0;
    %pushi/vec4 0, 0, 1;
    %store/vec4 v00000236c56c41b0_0, 0, 1;
    %delay 10, 0;
    %pushi/vec4 1, 0, 1;
    %store/vec4 v00000236c56c41b0_0, 0, 1;
    %delay 10, 0;
    %pushi/vec4 1, 0, 1;
    %store/vec4 v00000236c56c41b0_0, 0, 1;
    %delay 10, 0;
    %pushi/vec4 0, 0, 1;
    %store/vec4 v00000236c56c41b0_0, 0, 1;
    %delay 10, 0;
    %pushi/vec4 1, 0, 1;
    %store/vec4 v00000236c56c41b0_0, 0, 1;
    %vpi_call 2 23 "$finish" {0 0 0};
    %end;
    .thread T_3;
# The file index is used to find the file name in the following table.
:file_names 4;
    "N/A";
    "<interactive>";
    "seq_detect_mealy_tb.v";
    "seq_detect_mealy.v";
