#! /c/Source/iverilog-install/bin/vvp
:ivl_version "12.0 (devel)" "(s20150603-1539-g2693dd32b)";
:ivl_delay_selection "TYPICAL";
:vpi_time_precision + 0;
:vpi_module "C:\iverilog\lib\ivl\system.vpi";
:vpi_module "C:\iverilog\lib\ivl\vhdl_sys.vpi";
:vpi_module "C:\iverilog\lib\ivl\vhdl_textio.vpi";
:vpi_module "C:\iverilog\lib\ivl\v2005_math.vpi";
:vpi_module "C:\iverilog\lib\ivl\va_math.vpi";
S_0000021bcdaaa520 .scope module, "tb_link_top" "tb_link_top" 2 1;
 .timescale 0 0;
v0000021bcdaffe50_0 .var "clk", 0 0;
v0000021bcdaffd10_0 .net "done", 0 0, v0000021bcda9cbe0_0;  1 drivers
v0000021bcdaff810_0 .var "rst", 0 0;
E_0000021bcda8b830 .event anyedge, v0000021bcda9cbe0_0;
S_0000021bcdaaa6b0 .scope module, "dut" "link_top" 2 6, 3 1 0, S_0000021bcdaaa520;
 .timescale 0 0;
    .port_info 0 /INPUT 1 "clk";
    .port_info 1 /INPUT 1 "rst";
    .port_info 2 /OUTPUT 1 "done";
v0000021bcdaff770_0 .net "ack", 0 0, v0000021bcdaffc70_0;  1 drivers
v0000021bcdaffb30_0 .net "clk", 0 0, v0000021bcdaffe50_0;  1 drivers
v0000021bcdaff3b0_0 .net "data", 7 0, v0000021bcda4af30_0;  1 drivers
v0000021bcdaff950_0 .net "done", 0 0, v0000021bcda9cbe0_0;  alias, 1 drivers
v0000021bcdaffdb0_0 .net "last_byte", 7 0, v0000021bcdaff1d0_0;  1 drivers
v0000021bcdaff4f0_0 .net "req", 0 0, v0000021bcda94b00_0;  1 drivers
v0000021bcdaff450_0 .net "rst", 0 0, v0000021bcdaff810_0;  1 drivers
S_0000021bcda9c9b0 .scope module, "master_inst" "master_fsm" 3 14, 4 1 0, S_0000021bcdaaa6b0;
 .timescale 0 0;
    .port_info 0 /INPUT 1 "clk";
    .port_info 1 /INPUT 1 "rst";
    .port_info 2 /INPUT 1 "ack";
    .port_info 3 /OUTPUT 1 "req";
    .port_info 4 /OUTPUT 8 "data";
    .port_info 5 /OUTPUT 1 "done";
P_0000021bcdaaa840 .param/l "ASSERT_REQ" 1 4 12, C4<01>;
P_0000021bcdaaa878 .param/l "DROP_REQ" 1 4 14, C4<11>;
P_0000021bcdaaa8b0 .param/l "IDLE" 1 4 11, C4<00>;
P_0000021bcdaaa8e8 .param/l "WAIT_ACK" 1 4 13, C4<10>;
v0000021bcda8f690_0 .net "ack", 0 0, v0000021bcdaffc70_0;  alias, 1 drivers
v0000021bcda628d0_0 .var "byte_count", 1 0;
v0000021bcda62b30_0 .net "clk", 0 0, v0000021bcdaffe50_0;  alias, 1 drivers
v0000021bcda4af30_0 .var "data", 7 0;
v0000021bcda9cb40 .array "data_array", 3 0, 7 0;
v0000021bcda9cbe0_0 .var "done", 0 0;
v0000021bcda9cc80_0 .var "next_byte_count", 1 0;
v0000021bcda9cd20_0 .var "next_state", 1 0;
v0000021bcda94b00_0 .var "req", 0 0;
v0000021bcda94ba0_0 .net "rst", 0 0, v0000021bcdaff810_0;  alias, 1 drivers
v0000021bcda94c40_0 .var "state", 1 0;
v0000021bcda9cb40_0 .array/port v0000021bcda9cb40, 0;
v0000021bcda9cb40_1 .array/port v0000021bcda9cb40, 1;
E_0000021bcda8be70/0 .event anyedge, v0000021bcda94c40_0, v0000021bcda628d0_0, v0000021bcda9cb40_0, v0000021bcda9cb40_1;
v0000021bcda9cb40_2 .array/port v0000021bcda9cb40, 2;
v0000021bcda9cb40_3 .array/port v0000021bcda9cb40, 3;
E_0000021bcda8be70/1 .event anyedge, v0000021bcda9cb40_2, v0000021bcda9cb40_3, v0000021bcda8f690_0;
E_0000021bcda8be70 .event/or E_0000021bcda8be70/0, E_0000021bcda8be70/1;
E_0000021bcda8b630 .event anyedge, v0000021bcda94c40_0, v0000021bcda628d0_0, v0000021bcda8f690_0;
E_0000021bcda8c030 .event posedge, v0000021bcda62b30_0;
S_0000021bcda94ce0 .scope module, "slave_inst" "slave_fsm" 3 24, 5 1 0, S_0000021bcdaaa6b0;
 .timescale 0 0;
    .port_info 0 /INPUT 1 "clk";
    .port_info 1 /INPUT 1 "rst";
    .port_info 2 /INPUT 1 "req";
    .port_info 3 /INPUT 8 "data_in";
    .port_info 4 /OUTPUT 1 "ack";
    .port_info 5 /OUTPUT 8 "last_byte";
P_0000021bcda94e70 .param/l "ASSERT_ACK" 1 5 12, C4<01>;
P_0000021bcda94ea8 .param/l "DROP_ACK" 1 5 14, C4<11>;
P_0000021bcda94ee0 .param/l "HOLD_ACK" 1 5 13, C4<10>;
P_0000021bcda94f18 .param/l "WAIT_REQ" 1 5 11, C4<00>;
v0000021bcdaffc70_0 .var "ack", 0 0;
v0000021bcdaffa90_0 .net "clk", 0 0, v0000021bcdaffe50_0;  alias, 1 drivers
v0000021bcdaff130_0 .net "data_in", 7 0, v0000021bcda4af30_0;  alias, 1 drivers
v0000021bcdaff1d0_0 .var "last_byte", 7 0;
v0000021bcdafff90_0 .var "next_state", 1 0;
v0000021bcdaff630_0 .net "req", 0 0, v0000021bcda94b00_0;  alias, 1 drivers
v0000021bcdaff9f0_0 .net "rst", 0 0, v0000021bcdaff810_0;  alias, 1 drivers
v0000021bcdaff6d0_0 .var "state", 1 0;
E_0000021bcda8bc70 .event anyedge, v0000021bcdaff6d0_0, v0000021bcda94b00_0;
    .scope S_0000021bcda9c9b0;
T_0 ;
    %pushi/vec4 160, 0, 8;
    %ix/load 4, 0, 0;
    %flag_set/imm 4, 0;
    %store/vec4a v0000021bcda9cb40, 4, 0;
    %pushi/vec4 161, 0, 8;
    %ix/load 4, 1, 0;
    %flag_set/imm 4, 0;
    %store/vec4a v0000021bcda9cb40, 4, 0;
    %pushi/vec4 162, 0, 8;
    %ix/load 4, 2, 0;
    %flag_set/imm 4, 0;
    %store/vec4a v0000021bcda9cb40, 4, 0;
    %pushi/vec4 163, 0, 8;
    %ix/load 4, 3, 0;
    %flag_set/imm 4, 0;
    %store/vec4a v0000021bcda9cb40, 4, 0;
    %end;
    .thread T_0;
    .scope S_0000021bcda9c9b0;
T_1 ;
    %wait E_0000021bcda8c030;
    %load/vec4 v0000021bcda94ba0_0;
    %flag_set/vec4 8;
    %jmp/0xz  T_1.0, 8;
    %pushi/vec4 0, 0, 2;
    %assign/vec4 v0000021bcda94c40_0, 0;
    %pushi/vec4 0, 0, 2;
    %assign/vec4 v0000021bcda628d0_0, 0;
    %jmp T_1.1;
T_1.0 ;
    %load/vec4 v0000021bcda9cd20_0;
    %assign/vec4 v0000021bcda94c40_0, 0;
    %load/vec4 v0000021bcda9cc80_0;
    %assign/vec4 v0000021bcda628d0_0, 0;
T_1.1 ;
    %jmp T_1;
    .thread T_1;
    .scope S_0000021bcda9c9b0;
T_2 ;
    %wait E_0000021bcda8b630;
    %load/vec4 v0000021bcda94c40_0;
    %store/vec4 v0000021bcda9cd20_0, 0, 2;
    %load/vec4 v0000021bcda628d0_0;
    %store/vec4 v0000021bcda9cc80_0, 0, 2;
    %load/vec4 v0000021bcda94c40_0;
    %dup/vec4;
    %pushi/vec4 0, 0, 2;
    %cmp/u;
    %jmp/1 T_2.0, 6;
    %dup/vec4;
    %pushi/vec4 1, 0, 2;
    %cmp/u;
    %jmp/1 T_2.1, 6;
    %dup/vec4;
    %pushi/vec4 2, 0, 2;
    %cmp/u;
    %jmp/1 T_2.2, 6;
    %dup/vec4;
    %pushi/vec4 3, 0, 2;
    %cmp/u;
    %jmp/1 T_2.3, 6;
    %jmp T_2.4;
T_2.0 ;
    %load/vec4 v0000021bcda628d0_0;
    %pad/u 32;
    %cmpi/u 4, 0, 32;
    %jmp/0xz  T_2.5, 5;
    %pushi/vec4 1, 0, 2;
    %store/vec4 v0000021bcda9cd20_0, 0, 2;
T_2.5 ;
    %jmp T_2.4;
T_2.1 ;
    %pushi/vec4 2, 0, 2;
    %store/vec4 v0000021bcda9cd20_0, 0, 2;
    %jmp T_2.4;
T_2.2 ;
    %load/vec4 v0000021bcda8f690_0;
    %flag_set/vec4 8;
    %jmp/0xz  T_2.7, 8;
    %pushi/vec4 3, 0, 2;
    %store/vec4 v0000021bcda9cd20_0, 0, 2;
T_2.7 ;
    %jmp T_2.4;
T_2.3 ;
    %load/vec4 v0000021bcda8f690_0;
    %nor/r;
    %flag_set/vec4 8;
    %jmp/0xz  T_2.9, 8;
    %load/vec4 v0000021bcda628d0_0;
    %addi 1, 0, 2;
    %store/vec4 v0000021bcda9cc80_0, 0, 2;
    %load/vec4 v0000021bcda628d0_0;
    %pad/u 32;
    %cmpi/e 3, 0, 32;
    %jmp/0xz  T_2.11, 4;
    %pushi/vec4 0, 0, 2;
    %store/vec4 v0000021bcda9cd20_0, 0, 2;
    %jmp T_2.12;
T_2.11 ;
    %pushi/vec4 0, 0, 2;
    %store/vec4 v0000021bcda9cd20_0, 0, 2;
T_2.12 ;
T_2.9 ;
    %jmp T_2.4;
T_2.4 ;
    %pop/vec4 1;
    %jmp T_2;
    .thread T_2, $push;
    .scope S_0000021bcda9c9b0;
T_3 ;
    %wait E_0000021bcda8be70;
    %load/vec4 v0000021bcda94c40_0;
    %cmpi/e 1, 0, 2;
    %flag_get/vec4 4;
    %jmp/1 T_3.0, 4;
    %load/vec4 v0000021bcda94c40_0;
    %pushi/vec4 2, 0, 2;
    %cmp/e;
    %flag_get/vec4 4;
    %or;
T_3.0;
    %store/vec4 v0000021bcda94b00_0, 0, 1;
    %load/vec4 v0000021bcda628d0_0;
    %pad/u 4;
    %ix/vec4 4;
    %load/vec4a v0000021bcda9cb40, 4;
    %store/vec4 v0000021bcda4af30_0, 0, 8;
    %load/vec4 v0000021bcda94c40_0;
    %cmpi/e 3, 0, 2;
    %flag_get/vec4 4;
    %jmp/0 T_3.2, 4;
    %load/vec4 v0000021bcda8f690_0;
    %nor/r;
    %and;
T_3.2;
    %flag_set/vec4 8;
    %flag_get/vec4 8;
    %jmp/0 T_3.1, 8;
    %load/vec4 v0000021bcda628d0_0;
    %pad/u 32;
    %pushi/vec4 3, 0, 32;
    %cmp/e;
    %flag_get/vec4 4;
    %and;
T_3.1;
    %store/vec4 v0000021bcda9cbe0_0, 0, 1;
    %jmp T_3;
    .thread T_3, $push;
    .scope S_0000021bcda94ce0;
T_4 ;
    %wait E_0000021bcda8c030;
    %load/vec4 v0000021bcdaff9f0_0;
    %flag_set/vec4 8;
    %jmp/0xz  T_4.0, 8;
    %pushi/vec4 0, 0, 2;
    %assign/vec4 v0000021bcdaff6d0_0, 0;
    %jmp T_4.1;
T_4.0 ;
    %load/vec4 v0000021bcdafff90_0;
    %assign/vec4 v0000021bcdaff6d0_0, 0;
T_4.1 ;
    %jmp T_4;
    .thread T_4;
    .scope S_0000021bcda94ce0;
T_5 ;
    %wait E_0000021bcda8bc70;
    %load/vec4 v0000021bcdaff6d0_0;
    %dup/vec4;
    %pushi/vec4 0, 0, 2;
    %cmp/u;
    %jmp/1 T_5.0, 6;
    %dup/vec4;
    %pushi/vec4 1, 0, 2;
    %cmp/u;
    %jmp/1 T_5.1, 6;
    %dup/vec4;
    %pushi/vec4 2, 0, 2;
    %cmp/u;
    %jmp/1 T_5.2, 6;
    %dup/vec4;
    %pushi/vec4 3, 0, 2;
    %cmp/u;
    %jmp/1 T_5.3, 6;
    %jmp T_5.4;
T_5.0 ;
    %load/vec4 v0000021bcdaff630_0;
    %flag_set/vec4 8;
    %jmp/0xz  T_5.5, 8;
    %pushi/vec4 1, 0, 2;
    %store/vec4 v0000021bcdafff90_0, 0, 2;
    %jmp T_5.6;
T_5.5 ;
    %pushi/vec4 0, 0, 2;
    %store/vec4 v0000021bcdafff90_0, 0, 2;
T_5.6 ;
    %jmp T_5.4;
T_5.1 ;
    %pushi/vec4 2, 0, 2;
    %store/vec4 v0000021bcdafff90_0, 0, 2;
    %jmp T_5.4;
T_5.2 ;
    %pushi/vec4 3, 0, 2;
    %store/vec4 v0000021bcdafff90_0, 0, 2;
    %jmp T_5.4;
T_5.3 ;
    %load/vec4 v0000021bcdaff630_0;
    %nor/r;
    %flag_set/vec4 8;
    %jmp/0xz  T_5.7, 8;
    %pushi/vec4 0, 0, 2;
    %store/vec4 v0000021bcdafff90_0, 0, 2;
    %jmp T_5.8;
T_5.7 ;
    %pushi/vec4 3, 0, 2;
    %store/vec4 v0000021bcdafff90_0, 0, 2;
T_5.8 ;
    %jmp T_5.4;
T_5.4 ;
    %pop/vec4 1;
    %jmp T_5;
    .thread T_5, $push;
    .scope S_0000021bcda94ce0;
T_6 ;
    %wait E_0000021bcda8c030;
    %load/vec4 v0000021bcdaff9f0_0;
    %flag_set/vec4 8;
    %jmp/0xz  T_6.0, 8;
    %pushi/vec4 0, 0, 1;
    %assign/vec4 v0000021bcdaffc70_0, 0;
    %pushi/vec4 0, 0, 8;
    %assign/vec4 v0000021bcdaff1d0_0, 0;
    %jmp T_6.1;
T_6.0 ;
    %load/vec4 v0000021bcdaff6d0_0;
    %cmpi/e 1, 0, 2;
    %flag_get/vec4 4;
    %jmp/1 T_6.2, 4;
    %load/vec4 v0000021bcdaff6d0_0;
    %pushi/vec4 2, 0, 2;
    %cmp/e;
    %flag_get/vec4 4;
    %or;
T_6.2;
    %assign/vec4 v0000021bcdaffc70_0, 0;
    %load/vec4 v0000021bcdaff630_0;
    %flag_set/vec4 9;
    %flag_get/vec4 9;
    %jmp/0 T_6.5, 9;
    %load/vec4 v0000021bcdaff6d0_0;
    %pushi/vec4 0, 0, 2;
    %cmp/e;
    %flag_get/vec4 4;
    %and;
T_6.5;
    %flag_set/vec4 8;
    %jmp/0xz  T_6.3, 8;
    %load/vec4 v0000021bcdaff130_0;
    %assign/vec4 v0000021bcdaff1d0_0, 0;
T_6.3 ;
T_6.1 ;
    %jmp T_6;
    .thread T_6;
    .scope S_0000021bcdaaa520;
T_7 ;
    %pushi/vec4 0, 0, 1;
    %store/vec4 v0000021bcdaffe50_0, 0, 1;
T_7.0 ;
    %delay 10, 0;
    %load/vec4 v0000021bcdaffe50_0;
    %inv;
    %store/vec4 v0000021bcdaffe50_0, 0, 1;
    %jmp T_7.0;
    %end;
    .thread T_7;
    .scope S_0000021bcdaaa520;
T_8 ;
    %vpi_call 2 16 "$dumpfile", "handshake.vcd" {0 0 0};
    %vpi_call 2 17 "$dumpvars", 32'sb00000000000000000000000000000000, S_0000021bcdaaa520 {0 0 0};
    %pushi/vec4 1, 0, 1;
    %store/vec4 v0000021bcdaff810_0, 0, 1;
    %delay 25, 0;
    %pushi/vec4 0, 0, 1;
    %store/vec4 v0000021bcdaff810_0, 0, 1;
T_8.0 ;
    %load/vec4 v0000021bcdaffd10_0;
    %pad/u 32;
    %pushi/vec4 1, 0, 32;
    %cmp/e;
    %flag_get/vec4 4;
    %cmpi/ne 1, 0, 1;
    %jmp/0xz T_8.1, 6;
    %wait E_0000021bcda8b830;
    %jmp T_8.0;
T_8.1 ;
    %delay 20, 0;
    %vpi_call 2 26 "$finish" {0 0 0};
    %end;
    .thread T_8;
# The file index is used to find the file name in the following table.
:file_names 6;
    "N/A";
    "<interactive>";
    "tb_link_top.v";
    "link_top.v";
    "master_fsm.v";
    "slave_fsm.v";
